<?xml version="1.0" encoding="UTF-8"?>
<!-- Generated by org.testng.reporters.JUnitXMLReporter -->
<testsuite hostname="HPDB0088" name="Surefire test" tests="3" failures="0" timestamp="17 Apr 2014 10:58:48 GMT" time="60.273" errors="0">
  <testcase name="loginInApplication" time="11.947" classname="com.qait.samlms.test.SamStudentDropBoxFlow.basicFlow.Test5VerifyDropBoxFromStudentEnd"/>
  <testcase name="verifyDropBoxFromStudentSide" time="19.198" classname="com.qait.samlms.test.SamStudentDropBoxFlow.basicFlow.Test5VerifyDropBoxFromStudentEnd"/>
  <testcase name="verifyDropBoxTable" time="0.982" classname="com.qait.samlms.test.SamStudentDropBoxFlow.basicFlow.Test5VerifyDropBoxFromStudentEnd"/>
</testsuite> <!-- Surefire test -->
