<?xml version="1.0" encoding="UTF-8"?>
<!-- Generated by org.testng.reporters.JUnitXMLReporter -->
<testsuite hostname="HPDB0088" name="Default test" tests="3" failures="0" timestamp="17 Apr 2014 13:02:00 GMT" time="103.924" errors="0">
  <testcase name="loginInApplication" time="5.754" classname="com.qait.samlms.test.SamStudentDropBoxFlow.basicFlow.Test0SuperCreatesAdminUser"/>
  <testcase name="createAndEnrollUser" time="71.417" classname="com.qait.samlms.test.SamStudentDropBoxFlow.basicFlow.Test0SuperCreatesAdminUser"/>
  <testcase name="verifyAdminUser" time="1.098" classname="com.qait.samlms.test.SamStudentDropBoxFlow.basicFlow.Test0SuperCreatesAdminUser"/>
</testsuite> <!-- Default test -->
