<?xml version="1.0" encoding="UTF-8"?>
<testsuite name="com.qait.samlms.test.smoke.Test1aAdminEula" time="17.955" tests="3" errors="0" skipped="0" failures="0">
  <properties>
[...]
</properties>
  <testcase name="loginInApplication" classname="com.qait.samlms.test.smoke.Test1aAdminEula" time="5.412"/>
  <testcase name="acceptEula" classname="com.qait.samlms.test.smoke.Test1aAdminEula" time="3.376"/>
  <testcase name="adminFillDetails" classname="com.qait.samlms.test.smoke.Test1aAdminEula" time="9.167"/>
</testsuite>